workling: process with pid 65918 started.
=> Loading Rails...
workling: process with pid 66020 started.
=> Loading Rails...
WARNING: Nokogiri was built against LibXML version 2.7.7, but has dynamically loaded 2.7.3
** Rails loaded.
** Starting Workling::Remote::Invokers::ThreadedPoller...
** Use CTRL-C to stop.
** Exiting
workling: process with pid 14265 started.
=> Loading Rails...
WARNING: Nokogiri was built against LibXML version 2.7.7, but has dynamically loaded 2.7.3
** Rails loaded.
** Starting Workling::Remote::Invokers::ThreadedPoller...
** Use CTRL-C to stop.
** Exiting
workling: process with pid 4462 started.
=> Loading Rails...
WARNING: Nokogiri was built against LibXML version 2.7.7, but has dynamically loaded 2.7.3
** Rails loaded.
** Starting Workling::Remote::Invokers::ThreadedPoller...
** Use CTRL-C to stop.
** Exiting
workling: process with pid 8114 started.
=> Loading Rails...
WARNING: Nokogiri was built against LibXML version 2.7.7, but has dynamically loaded 2.7.3
** Rails loaded.
** Starting Workling::Remote::Invokers::ThreadedPoller...
** Use CTRL-C to stop.
Got Action: create_table
Creating Table
Got Action: update_table
Updating Table
Got Action: update_table
Updating Table
/Users/cmmagid/Developer/.rvm/gems/ruby-1.8.7-p302@rails2newwebiva/gems/nokogiri-1.4.4/lib/nokogiri/xml/node.rb:809: [BUG] Segmentation fault
ruby 1.8.7 (2010-08-16 patchlevel 302) [i686-darwin10.7.0]

workling: process with pid 62460 started.
=> Loading Rails...
WARNING: Nokogiri was built against LibXML version 2.7.7, but has dynamically loaded 2.7.3
** Rails loaded.
** Starting Workling::Remote::Invokers::ThreadedPoller...
** Use CTRL-C to stop.
** Exiting
workling: process with pid 3065 started.
=> Loading Rails...
WARNING: Nokogiri was built against LibXML version 2.7.7, but has dynamically loaded 2.7.3
** Rails loaded.
** Starting Workling::Remote::Invokers::ThreadedPoller...
** Use CTRL-C to stop.
** Exiting
workling: process with pid 55036 started.
=> Loading Rails...
WARNING: Nokogiri was built against LibXML version 2.7.7, but has dynamically loaded 2.7.3
** Rails loaded.
** Starting Workling::Remote::Invokers::ThreadedPoller...
** Use CTRL-C to stop.
** Exiting
/Users/cmmagid/rails_projects/Webiva/vendor/rails/activerecord/lib/active_record/connection_adapters/mysql_adapter.rb:585:in `real_connect': Can't connect to local MySQL server through socket '/tmp/mysql.sock' (2) (Mysql::Error)
	from /Users/cmmagid/rails_projects/Webiva/vendor/plugins/workling/script/../lib/workling/remote/invokers/threaded_poller.rb:37:in `join'
	from /Users/cmmagid/rails_projects/Webiva/vendor/plugins/workling/script/../lib/workling/remote/invokers/threaded_poller.rb:37:in `listen'
	from /Users/cmmagid/rails_projects/Webiva/vendor/plugins/workling/script/../lib/workling/remote/invokers/threaded_poller.rb:37:in `each'
	from /Users/cmmagid/rails_projects/Webiva/vendor/plugins/workling/script/../lib/workling/remote/invokers/threaded_poller.rb:37:in `listen'
	from /Users/cmmagid/rails_projects/Webiva/vendor/plugins/workling/script/listen.rb:24
	from /Users/cmmagid/Developer/.rvm/gems/ruby-1.8.7-p302@rails2newwebiva/gems/daemons-1.1.3/lib/daemons/application.rb:202:in `load'
	from /Users/cmmagid/Developer/.rvm/gems/ruby-1.8.7-p302@rails2newwebiva/gems/daemons-1.1.3/lib/daemons/application.rb:202:in `start_load'
	from /Users/cmmagid/Developer/.rvm/gems/ruby-1.8.7-p302@rails2newwebiva/gems/daemons-1.1.3/lib/daemons/application.rb:295:in `start'
	from /Users/cmmagid/Developer/.rvm/gems/ruby-1.8.7-p302@rails2newwebiva/gems/daemons-1.1.3/lib/daemons/controller.rb:70:in `run'
	from /Users/cmmagid/Developer/.rvm/gems/ruby-1.8.7-p302@rails2newwebiva/gems/daemons-1.1.3/lib/daemons.rb:145:in `run'
	from /Users/cmmagid/Developer/.rvm/gems/ruby-1.8.7-p302@rails2newwebiva/gems/daemons-1.1.3/lib/daemons/cmdline.rb:109:in `call'
	from /Users/cmmagid/Developer/.rvm/gems/ruby-1.8.7-p302@rails2newwebiva/gems/daemons-1.1.3/lib/daemons/cmdline.rb:109:in `catch_exceptions'
	from /Users/cmmagid/Developer/.rvm/gems/ruby-1.8.7-p302@rails2newwebiva/gems/daemons-1.1.3/lib/daemons.rb:144:in `run'
	from /Users/cmmagid/rails_projects/Webiva/script/workling_client:17
workling: process with pid 55356 started.
=> Loading Rails...
WARNING: Nokogiri was built against LibXML version 2.7.7, but has dynamically loaded 2.7.3
** Rails loaded.
** Starting Workling::Remote::Invokers::ThreadedPoller...
** Use CTRL-C to stop.
** Exiting
/Users/cmmagid/rails_projects/Webiva/vendor/rails/activerecord/lib/active_record/connection_adapters/mysql_adapter.rb:585:in `real_connect': Can't connect to local MySQL server through socket '/tmp/mysql.sock' (2) (Mysql::Error)
	from /Users/cmmagid/rails_projects/Webiva/vendor/plugins/workling/script/../lib/workling/remote/invokers/threaded_poller.rb:37:in `join'
	from /Users/cmmagid/rails_projects/Webiva/vendor/plugins/workling/script/../lib/workling/remote/invokers/threaded_poller.rb:37:in `listen'
	from /Users/cmmagid/rails_projects/Webiva/vendor/plugins/workling/script/../lib/workling/remote/invokers/threaded_poller.rb:37:in `each'
	from /Users/cmmagid/rails_projects/Webiva/vendor/plugins/workling/script/../lib/workling/remote/invokers/threaded_poller.rb:37:in `listen'
	from /Users/cmmagid/rails_projects/Webiva/vendor/plugins/workling/script/listen.rb:24
	from /Users/cmmagid/Developer/.rvm/gems/ruby-1.8.7-p302@rails2newwebiva/gems/daemons-1.1.3/lib/daemons/application.rb:202:in `load'
	from /Users/cmmagid/Developer/.rvm/gems/ruby-1.8.7-p302@rails2newwebiva/gems/daemons-1.1.3/lib/daemons/application.rb:202:in `start_load'
	from /Users/cmmagid/Developer/.rvm/gems/ruby-1.8.7-p302@rails2newwebiva/gems/daemons-1.1.3/lib/daemons/application.rb:295:in `start'
	from /Users/cmmagid/Developer/.rvm/gems/ruby-1.8.7-p302@rails2newwebiva/gems/daemons-1.1.3/lib/daemons/monitor.rb:51:in `watch'
	from /Users/cmmagid/Developer/.rvm/gems/ruby-1.8.7-p302@rails2newwebiva/gems/daemons-1.1.3/lib/daemons/monitor.rb:51:in `fork'
	from /Users/cmmagid/Developer/.rvm/gems/ruby-1.8.7-p302@rails2newwebiva/gems/daemons-1.1.3/lib/daemons/monitor.rb:51:in `watch'
	from /Users/cmmagid/Developer/.rvm/gems/ruby-1.8.7-p302@rails2newwebiva/gems/daemons-1.1.3/lib/daemons/monitor.rb:45:in `each'
	from /Users/cmmagid/Developer/.rvm/gems/ruby-1.8.7-p302@rails2newwebiva/gems/daemons-1.1.3/lib/daemons/monitor.rb:45:in `watch'
	from /Users/cmmagid/Developer/.rvm/gems/ruby-1.8.7-p302@rails2newwebiva/gems/daemons-1.1.3/lib/daemons/monitor.rb:44:in `loop'
	from /Users/cmmagid/Developer/.rvm/gems/ruby-1.8.7-p302@rails2newwebiva/gems/daemons-1.1.3/lib/daemons/monitor.rb:44:in `watch'
	from /Users/cmmagid/Developer/.rvm/gems/ruby-1.8.7-p302@rails2newwebiva/gems/daemons-1.1.3/lib/daemons/monitor.rb:84:in `start_with_pidfile'
	from /Users/cmmagid/Developer/.rvm/gems/ruby-1.8.7-p302@rails2newwebiva/gems/daemons-1.1.3/lib/daemons/monitor.rb:64:in `fork'
	from /Users/cmmagid/Developer/.rvm/gems/ruby-1.8.7-p302@rails2newwebiva/gems/daemons-1.1.3/lib/daemons/monitor.rb:64:in `start_with_pidfile'
	from /Users/cmmagid/Developer/.rvm/gems/ruby-1.8.7-p302@rails2newwebiva/gems/daemons-1.1.3/lib/daemons/monitor.rb:111:in `start'
	from /Users/cmmagid/Developer/.rvm/gems/ruby-1.8.7-p302@rails2newwebiva/gems/daemons-1.1.3/lib/daemons/application_group.rb:149:in `create_monitor'
	from /Users/cmmagid/Developer/.rvm/gems/ruby-1.8.7-p302@rails2newwebiva/gems/daemons-1.1.3/lib/daemons/application.rb:282:in `start'
	from /Users/cmmagid/Developer/.rvm/gems/ruby-1.8.7-p302@rails2newwebiva/gems/daemons-1.1.3/lib/daemons/controller.rb:70:in `run'
	from /Users/cmmagid/Developer/.rvm/gems/ruby-1.8.7-p302@rails2newwebiva/gems/daemons-1.1.3/lib/daemons.rb:145:in `run'
	from /Users/cmmagid/Developer/.rvm/gems/ruby-1.8.7-p302@rails2newwebiva/gems/daemons-1.1.3/lib/daemons/cmdline.rb:109:in `call'
	from /Users/cmmagid/Developer/.rvm/gems/ruby-1.8.7-p302@rails2newwebiva/gems/daemons-1.1.3/lib/daemons/cmdline.rb:109:in `catch_exceptions'
	from /Users/cmmagid/Developer/.rvm/gems/ruby-1.8.7-p302@rails2newwebiva/gems/daemons-1.1.3/lib/daemons.rb:144:in `run'
	from /Users/cmmagid/rails_projects/Webiva/script/workling_client:17
workling: process with pid 55736 started.
=> Loading Rails...
WARNING: Nokogiri was built against LibXML version 2.7.7, but has dynamically loaded 2.7.3
** Rails loaded.
** Starting Workling::Remote::Invokers::ThreadedPoller...
** Use CTRL-C to stop.
** Exiting
/Users/cmmagid/rails_projects/Webiva/vendor/rails/activerecord/lib/active_record/connection_adapters/mysql_adapter.rb:585:in `real_connect': Can't connect to local MySQL server through socket '/tmp/mysql.sock' (2) (Mysql::Error)
	from /Users/cmmagid/rails_projects/Webiva/vendor/plugins/workling/script/../lib/workling/remote/invokers/threaded_poller.rb:37:in `join'
	from /Users/cmmagid/rails_projects/Webiva/vendor/plugins/workling/script/../lib/workling/remote/invokers/threaded_poller.rb:37:in `listen'
	from /Users/cmmagid/rails_projects/Webiva/vendor/plugins/workling/script/../lib/workling/remote/invokers/threaded_poller.rb:37:in `each'
	from /Users/cmmagid/rails_projects/Webiva/vendor/plugins/workling/script/../lib/workling/remote/invokers/threaded_poller.rb:37:in `listen'
	from /Users/cmmagid/rails_projects/Webiva/vendor/plugins/workling/script/listen.rb:24
	from /Users/cmmagid/Developer/.rvm/gems/ruby-1.8.7-p302@rails2newwebiva/gems/daemons-1.1.3/lib/daemons/application.rb:202:in `load'
	from /Users/cmmagid/Developer/.rvm/gems/ruby-1.8.7-p302@rails2newwebiva/gems/daemons-1.1.3/lib/daemons/application.rb:202:in `start_load'
	from /Users/cmmagid/Developer/.rvm/gems/ruby-1.8.7-p302@rails2newwebiva/gems/daemons-1.1.3/lib/daemons/application.rb:295:in `start'
	from /Users/cmmagid/Developer/.rvm/gems/ruby-1.8.7-p302@rails2newwebiva/gems/daemons-1.1.3/lib/daemons/monitor.rb:51:in `watch'
	from /Users/cmmagid/Developer/.rvm/gems/ruby-1.8.7-p302@rails2newwebiva/gems/daemons-1.1.3/lib/daemons/monitor.rb:51:in `fork'
	from /Users/cmmagid/Developer/.rvm/gems/ruby-1.8.7-p302@rails2newwebiva/gems/daemons-1.1.3/lib/daemons/monitor.rb:51:in `watch'
	from /Users/cmmagid/Developer/.rvm/gems/ruby-1.8.7-p302@rails2newwebiva/gems/daemons-1.1.3/lib/daemons/monitor.rb:45:in `each'
	from /Users/cmmagid/Developer/.rvm/gems/ruby-1.8.7-p302@rails2newwebiva/gems/daemons-1.1.3/lib/daemons/monitor.rb:45:in `watch'
	from /Users/cmmagid/Developer/.rvm/gems/ruby-1.8.7-p302@rails2newwebiva/gems/daemons-1.1.3/lib/daemons/monitor.rb:44:in `loop'
	from /Users/cmmagid/Developer/.rvm/gems/ruby-1.8.7-p302@rails2newwebiva/gems/daemons-1.1.3/lib/daemons/monitor.rb:44:in `watch'
	from /Users/cmmagid/Developer/.rvm/gems/ruby-1.8.7-p302@rails2newwebiva/gems/daemons-1.1.3/lib/daemons/monitor.rb:84:in `start_with_pidfile'
	from /Users/cmmagid/Developer/.rvm/gems/ruby-1.8.7-p302@rails2newwebiva/gems/daemons-1.1.3/lib/daemons/monitor.rb:64:in `fork'
	from /Users/cmmagid/Developer/.rvm/gems/ruby-1.8.7-p302@rails2newwebiva/gems/daemons-1.1.3/lib/daemons/monitor.rb:64:in `start_with_pidfile'
	from /Users/cmmagid/Developer/.rvm/gems/ruby-1.8.7-p302@rails2newwebiva/gems/daemons-1.1.3/lib/daemons/monitor.rb:111:in `start'
	from /Users/cmmagid/Developer/.rvm/gems/ruby-1.8.7-p302@rails2newwebiva/gems/daemons-1.1.3/lib/daemons/application_group.rb:149:in `create_monitor'
	from /Users/cmmagid/Developer/.rvm/gems/ruby-1.8.7-p302@rails2newwebiva/gems/daemons-1.1.3/lib/daemons/application.rb:282:in `start'
	from /Users/cmmagid/Developer/.rvm/gems/ruby-1.8.7-p302@rails2newwebiva/gems/daemons-1.1.3/lib/daemons/controller.rb:70:in `run'
	from /Users/cmmagid/Developer/.rvm/gems/ruby-1.8.7-p302@rails2newwebiva/gems/daemons-1.1.3/lib/daemons.rb:145:in `run'
	from /Users/cmmagid/Developer/.rvm/gems/ruby-1.8.7-p302@rails2newwebiva/gems/daemons-1.1.3/lib/daemons/cmdline.rb:109:in `call'
	from /Users/cmmagid/Developer/.rvm/gems/ruby-1.8.7-p302@rails2newwebiva/gems/daemons-1.1.3/lib/daemons/cmdline.rb:109:in `catch_exceptions'
	from /Users/cmmagid/Developer/.rvm/gems/ruby-1.8.7-p302@rails2newwebiva/gems/daemons-1.1.3/lib/daemons.rb:144:in `run'
	from /Users/cmmagid/rails_projects/Webiva/script/workling_client:17
workling: process with pid 56200 started.
=> Loading Rails...
WARNING: Nokogiri was built against LibXML version 2.7.7, but has dynamically loaded 2.7.3
** Rails loaded.
** Starting Workling::Remote::Invokers::ThreadedPoller...
** Use CTRL-C to stop.
** Exiting
workling: process with pid 93012 started.
=> Loading Rails...
WARNING: Nokogiri was built against LibXML version 2.7.7, but has dynamically loaded 2.7.3
** Rails loaded.
** Starting Workling::Remote::Invokers::ThreadedPoller...
** Use CTRL-C to stop.
** Exiting
workling: process with pid 66949 started.
=> Loading Rails...
WARNING: Nokogiri was built against LibXML version 2.7.7, but has dynamically loaded 2.7.3
** Rails loaded.
** Starting Workling::Remote::Invokers::ThreadedPoller...
** Use CTRL-C to stop.
** Exiting
/Users/cmmagid/rails_projects/Webiva/vendor/rails/activerecord/lib/active_record/connection_adapters/mysql_adapter.rb:585:in `real_connect': Can't connect to local MySQL server through socket '/tmp/mysql.sock' (2) (Mysql::Error)
	from /Users/cmmagid/rails_projects/Webiva/vendor/plugins/workling/script/../lib/workling/remote/invokers/threaded_poller.rb:37:in `join'
	from /Users/cmmagid/rails_projects/Webiva/vendor/plugins/workling/script/../lib/workling/remote/invokers/threaded_poller.rb:37:in `listen'
	from /Users/cmmagid/rails_projects/Webiva/vendor/plugins/workling/script/../lib/workling/remote/invokers/threaded_poller.rb:37:in `each'
	from /Users/cmmagid/rails_projects/Webiva/vendor/plugins/workling/script/../lib/workling/remote/invokers/threaded_poller.rb:37:in `listen'
	from /Users/cmmagid/rails_projects/Webiva/vendor/plugins/workling/script/listen.rb:24
	from /Users/cmmagid/Developer/.rvm/gems/ruby-1.8.7-p302@rails2newwebiva/gems/daemons-1.1.3/lib/daemons/application.rb:202:in `load'
	from /Users/cmmagid/Developer/.rvm/gems/ruby-1.8.7-p302@rails2newwebiva/gems/daemons-1.1.3/lib/daemons/application.rb:202:in `start_load'
	from /Users/cmmagid/Developer/.rvm/gems/ruby-1.8.7-p302@rails2newwebiva/gems/daemons-1.1.3/lib/daemons/application.rb:295:in `start'
	from /Users/cmmagid/Developer/.rvm/gems/ruby-1.8.7-p302@rails2newwebiva/gems/daemons-1.1.3/lib/daemons/controller.rb:70:in `run'
	from /Users/cmmagid/Developer/.rvm/gems/ruby-1.8.7-p302@rails2newwebiva/gems/daemons-1.1.3/lib/daemons.rb:145:in `run'
	from /Users/cmmagid/Developer/.rvm/gems/ruby-1.8.7-p302@rails2newwebiva/gems/daemons-1.1.3/lib/daemons/cmdline.rb:109:in `call'
	from /Users/cmmagid/Developer/.rvm/gems/ruby-1.8.7-p302@rails2newwebiva/gems/daemons-1.1.3/lib/daemons/cmdline.rb:109:in `catch_exceptions'
	from /Users/cmmagid/Developer/.rvm/gems/ruby-1.8.7-p302@rails2newwebiva/gems/daemons-1.1.3/lib/daemons.rb:144:in `run'
	from /Users/cmmagid/rails_projects/Webiva/script/workling_client:17
workling: process with pid 67278 started.
=> Loading Rails...
WARNING: Nokogiri was built against LibXML version 2.7.7, but has dynamically loaded 2.7.3
** Rails loaded.
** Starting Workling::Remote::Invokers::ThreadedPoller...
** Use CTRL-C to stop.
** Exiting
/Users/cmmagid/rails_projects/Webiva/vendor/rails/activerecord/lib/active_record/connection_adapters/mysql_adapter.rb:585:in `real_connect': Can't connect to local MySQL server through socket '/tmp/mysql.sock' (2) (Mysql::Error)
	from /Users/cmmagid/rails_projects/Webiva/vendor/plugins/workling/script/../lib/workling/remote/invokers/threaded_poller.rb:37:in `join'
	from /Users/cmmagid/rails_projects/Webiva/vendor/plugins/workling/script/../lib/workling/remote/invokers/threaded_poller.rb:37:in `listen'
	from /Users/cmmagid/rails_projects/Webiva/vendor/plugins/workling/script/../lib/workling/remote/invokers/threaded_poller.rb:37:in `each'
	from /Users/cmmagid/rails_projects/Webiva/vendor/plugins/workling/script/../lib/workling/remote/invokers/threaded_poller.rb:37:in `listen'
	from /Users/cmmagid/rails_projects/Webiva/vendor/plugins/workling/script/listen.rb:24
	from /Users/cmmagid/Developer/.rvm/gems/ruby-1.8.7-p302@rails2newwebiva/gems/daemons-1.1.3/lib/daemons/application.rb:202:in `load'
	from /Users/cmmagid/Developer/.rvm/gems/ruby-1.8.7-p302@rails2newwebiva/gems/daemons-1.1.3/lib/daemons/application.rb:202:in `start_load'
	from /Users/cmmagid/Developer/.rvm/gems/ruby-1.8.7-p302@rails2newwebiva/gems/daemons-1.1.3/lib/daemons/application.rb:295:in `start'
	from /Users/cmmagid/Developer/.rvm/gems/ruby-1.8.7-p302@rails2newwebiva/gems/daemons-1.1.3/lib/daemons/monitor.rb:51:in `watch'
	from /Users/cmmagid/Developer/.rvm/gems/ruby-1.8.7-p302@rails2newwebiva/gems/daemons-1.1.3/lib/daemons/monitor.rb:51:in `fork'
	from /Users/cmmagid/Developer/.rvm/gems/ruby-1.8.7-p302@rails2newwebiva/gems/daemons-1.1.3/lib/daemons/monitor.rb:51:in `watch'
	from /Users/cmmagid/Developer/.rvm/gems/ruby-1.8.7-p302@rails2newwebiva/gems/daemons-1.1.3/lib/daemons/monitor.rb:45:in `each'
	from /Users/cmmagid/Developer/.rvm/gems/ruby-1.8.7-p302@rails2newwebiva/gems/daemons-1.1.3/lib/daemons/monitor.rb:45:in `watch'
	from /Users/cmmagid/Developer/.rvm/gems/ruby-1.8.7-p302@rails2newwebiva/gems/daemons-1.1.3/lib/daemons/monitor.rb:44:in `loop'
	from /Users/cmmagid/Developer/.rvm/gems/ruby-1.8.7-p302@rails2newwebiva/gems/daemons-1.1.3/lib/daemons/monitor.rb:44:in `watch'
	from /Users/cmmagid/Developer/.rvm/gems/ruby-1.8.7-p302@rails2newwebiva/gems/daemons-1.1.3/lib/daemons/monitor.rb:84:in `start_with_pidfile'
	from /Users/cmmagid/Developer/.rvm/gems/ruby-1.8.7-p302@rails2newwebiva/gems/daemons-1.1.3/lib/daemons/monitor.rb:64:in `fork'
	from /Users/cmmagid/Developer/.rvm/gems/ruby-1.8.7-p302@rails2newwebiva/gems/daemons-1.1.3/lib/daemons/monitor.rb:64:in `start_with_pidfile'
	from /Users/cmmagid/Developer/.rvm/gems/ruby-1.8.7-p302@rails2newwebiva/gems/daemons-1.1.3/lib/daemons/monitor.rb:111:in `start'
	from /Users/cmmagid/Developer/.rvm/gems/ruby-1.8.7-p302@rails2newwebiva/gems/daemons-1.1.3/lib/daemons/application_group.rb:149:in `create_monitor'
	from /Users/cmmagid/Developer/.rvm/gems/ruby-1.8.7-p302@rails2newwebiva/gems/daemons-1.1.3/lib/daemons/application.rb:282:in `start'
	from /Users/cmmagid/Developer/.rvm/gems/ruby-1.8.7-p302@rails2newwebiva/gems/daemons-1.1.3/lib/daemons/controller.rb:70:in `run'
	from /Users/cmmagid/Developer/.rvm/gems/ruby-1.8.7-p302@rails2newwebiva/gems/daemons-1.1.3/lib/daemons.rb:145:in `run'
	from /Users/cmmagid/Developer/.rvm/gems/ruby-1.8.7-p302@rails2newwebiva/gems/daemons-1.1.3/lib/daemons/cmdline.rb:109:in `call'
	from /Users/cmmagid/Developer/.rvm/gems/ruby-1.8.7-p302@rails2newwebiva/gems/daemons-1.1.3/lib/daemons/cmdline.rb:109:in `catch_exceptions'
	from /Users/cmmagid/Developer/.rvm/gems/ruby-1.8.7-p302@rails2newwebiva/gems/daemons-1.1.3/lib/daemons.rb:144:in `run'
	from /Users/cmmagid/rails_projects/Webiva/script/workling_client:17
workling: process with pid 67663 started.
=> Loading Rails...
WARNING: Nokogiri was built against LibXML version 2.7.7, but has dynamically loaded 2.7.3
** Rails loaded.
** Starting Workling::Remote::Invokers::ThreadedPoller...
** Use CTRL-C to stop.
** Exiting
/Users/cmmagid/rails_projects/Webiva/vendor/rails/activerecord/lib/active_record/connection_adapters/mysql_adapter.rb:585:in `real_connect': Can't connect to local MySQL server through socket '/tmp/mysql.sock' (2) (Mysql::Error)
	from /Users/cmmagid/rails_projects/Webiva/vendor/plugins/workling/script/../lib/workling/remote/invokers/threaded_poller.rb:37:in `join'
	from /Users/cmmagid/rails_projects/Webiva/vendor/plugins/workling/script/../lib/workling/remote/invokers/threaded_poller.rb:37:in `listen'
	from /Users/cmmagid/rails_projects/Webiva/vendor/plugins/workling/script/../lib/workling/remote/invokers/threaded_poller.rb:37:in `each'
	from /Users/cmmagid/rails_projects/Webiva/vendor/plugins/workling/script/../lib/workling/remote/invokers/threaded_poller.rb:37:in `listen'
	from /Users/cmmagid/rails_projects/Webiva/vendor/plugins/workling/script/listen.rb:24
	from /Users/cmmagid/Developer/.rvm/gems/ruby-1.8.7-p302@rails2newwebiva/gems/daemons-1.1.3/lib/daemons/application.rb:202:in `load'
	from /Users/cmmagid/Developer/.rvm/gems/ruby-1.8.7-p302@rails2newwebiva/gems/daemons-1.1.3/lib/daemons/application.rb:202:in `start_load'
	from /Users/cmmagid/Developer/.rvm/gems/ruby-1.8.7-p302@rails2newwebiva/gems/daemons-1.1.3/lib/daemons/application.rb:295:in `start'
	from /Users/cmmagid/Developer/.rvm/gems/ruby-1.8.7-p302@rails2newwebiva/gems/daemons-1.1.3/lib/daemons/monitor.rb:51:in `watch'
	from /Users/cmmagid/Developer/.rvm/gems/ruby-1.8.7-p302@rails2newwebiva/gems/daemons-1.1.3/lib/daemons/monitor.rb:51:in `fork'
	from /Users/cmmagid/Developer/.rvm/gems/ruby-1.8.7-p302@rails2newwebiva/gems/daemons-1.1.3/lib/daemons/monitor.rb:51:in `watch'
	from /Users/cmmagid/Developer/.rvm/gems/ruby-1.8.7-p302@rails2newwebiva/gems/daemons-1.1.3/lib/daemons/monitor.rb:45:in `each'
	from /Users/cmmagid/Developer/.rvm/gems/ruby-1.8.7-p302@rails2newwebiva/gems/daemons-1.1.3/lib/daemons/monitor.rb:45:in `watch'
	from /Users/cmmagid/Developer/.rvm/gems/ruby-1.8.7-p302@rails2newwebiva/gems/daemons-1.1.3/lib/daemons/monitor.rb:44:in `loop'
	from /Users/cmmagid/Developer/.rvm/gems/ruby-1.8.7-p302@rails2newwebiva/gems/daemons-1.1.3/lib/daemons/monitor.rb:44:in `watch'
	from /Users/cmmagid/Developer/.rvm/gems/ruby-1.8.7-p302@rails2newwebiva/gems/daemons-1.1.3/lib/daemons/monitor.rb:84:in `start_with_pidfile'
	from /Users/cmmagid/Developer/.rvm/gems/ruby-1.8.7-p302@rails2newwebiva/gems/daemons-1.1.3/lib/daemons/monitor.rb:64:in `fork'
	from /Users/cmmagid/Developer/.rvm/gems/ruby-1.8.7-p302@rails2newwebiva/gems/daemons-1.1.3/lib/daemons/monitor.rb:64:in `start_with_pidfile'
	from /Users/cmmagid/Developer/.rvm/gems/ruby-1.8.7-p302@rails2newwebiva/gems/daemons-1.1.3/lib/daemons/monitor.rb:111:in `start'
	from /Users/cmmagid/Developer/.rvm/gems/ruby-1.8.7-p302@rails2newwebiva/gems/daemons-1.1.3/lib/daemons/application_group.rb:149:in `create_monitor'
	from /Users/cmmagid/Developer/.rvm/gems/ruby-1.8.7-p302@rails2newwebiva/gems/daemons-1.1.3/lib/daemons/application.rb:282:in `start'
	from /Users/cmmagid/Developer/.rvm/gems/ruby-1.8.7-p302@rails2newwebiva/gems/daemons-1.1.3/lib/daemons/controller.rb:70:in `run'
	from /Users/cmmagid/Developer/.rvm/gems/ruby-1.8.7-p302@rails2newwebiva/gems/daemons-1.1.3/lib/daemons.rb:145:in `run'
	from /Users/cmmagid/Developer/.rvm/gems/ruby-1.8.7-p302@rails2newwebiva/gems/daemons-1.1.3/lib/daemons/cmdline.rb:109:in `call'
	from /Users/cmmagid/Developer/.rvm/gems/ruby-1.8.7-p302@rails2newwebiva/gems/daemons-1.1.3/lib/daemons/cmdline.rb:109:in `catch_exceptions'
	from /Users/cmmagid/Developer/.rvm/gems/ruby-1.8.7-p302@rails2newwebiva/gems/daemons-1.1.3/lib/daemons.rb:144:in `run'
	from /Users/cmmagid/rails_projects/Webiva/script/workling_client:17
workling: process with pid 68059 started.
=> Loading Rails...
WARNING: Nokogiri was built against LibXML version 2.7.7, but has dynamically loaded 2.7.3
** Rails loaded.
** Starting Workling::Remote::Invokers::ThreadedPoller...
** Use CTRL-C to stop.
** Exiting
/Users/cmmagid/rails_projects/Webiva/vendor/rails/activerecord/lib/active_record/connection_adapters/mysql_adapter.rb:585:in `real_connect': Can't connect to local MySQL server through socket '/tmp/mysql.sock' (2) (Mysql::Error)
	from /Users/cmmagid/rails_projects/Webiva/vendor/plugins/workling/script/../lib/workling/remote/invokers/threaded_poller.rb:37:in `join'
	from /Users/cmmagid/rails_projects/Webiva/vendor/plugins/workling/script/../lib/workling/remote/invokers/threaded_poller.rb:37:in `listen'
	from /Users/cmmagid/rails_projects/Webiva/vendor/plugins/workling/script/../lib/workling/remote/invokers/threaded_poller.rb:37:in `each'
	from /Users/cmmagid/rails_projects/Webiva/vendor/plugins/workling/script/../lib/workling/remote/invokers/threaded_poller.rb:37:in `listen'
	from /Users/cmmagid/rails_projects/Webiva/vendor/plugins/workling/script/listen.rb:24
	from /Users/cmmagid/Developer/.rvm/gems/ruby-1.8.7-p302@rails2newwebiva/gems/daemons-1.1.3/lib/daemons/application.rb:202:in `load'
	from /Users/cmmagid/Developer/.rvm/gems/ruby-1.8.7-p302@rails2newwebiva/gems/daemons-1.1.3/lib/daemons/application.rb:202:in `start_load'
	from /Users/cmmagid/Developer/.rvm/gems/ruby-1.8.7-p302@rails2newwebiva/gems/daemons-1.1.3/lib/daemons/application.rb:295:in `start'
	from /Users/cmmagid/Developer/.rvm/gems/ruby-1.8.7-p302@rails2newwebiva/gems/daemons-1.1.3/lib/daemons/monitor.rb:51:in `watch'
	from /Users/cmmagid/Developer/.rvm/gems/ruby-1.8.7-p302@rails2newwebiva/gems/daemons-1.1.3/lib/daemons/monitor.rb:51:in `fork'
	from /Users/cmmagid/Developer/.rvm/gems/ruby-1.8.7-p302@rails2newwebiva/gems/daemons-1.1.3/lib/daemons/monitor.rb:51:in `watch'
	from /Users/cmmagid/Developer/.rvm/gems/ruby-1.8.7-p302@rails2newwebiva/gems/daemons-1.1.3/lib/daemons/monitor.rb:45:in `each'
	from /Users/cmmagid/Developer/.rvm/gems/ruby-1.8.7-p302@rails2newwebiva/gems/daemons-1.1.3/lib/daemons/monitor.rb:45:in `watch'
	from /Users/cmmagid/Developer/.rvm/gems/ruby-1.8.7-p302@rails2newwebiva/gems/daemons-1.1.3/lib/daemons/monitor.rb:44:in `loop'
	from /Users/cmmagid/Developer/.rvm/gems/ruby-1.8.7-p302@rails2newwebiva/gems/daemons-1.1.3/lib/daemons/monitor.rb:44:in `watch'
	from /Users/cmmagid/Developer/.rvm/gems/ruby-1.8.7-p302@rails2newwebiva/gems/daemons-1.1.3/lib/daemons/monitor.rb:84:in `start_with_pidfile'
	from /Users/cmmagid/Developer/.rvm/gems/ruby-1.8.7-p302@rails2newwebiva/gems/daemons-1.1.3/lib/daemons/monitor.rb:64:in `fork'
	from /Users/cmmagid/Developer/.rvm/gems/ruby-1.8.7-p302@rails2newwebiva/gems/daemons-1.1.3/lib/daemons/monitor.rb:64:in `start_with_pidfile'
	from /Users/cmmagid/Developer/.rvm/gems/ruby-1.8.7-p302@rails2newwebiva/gems/daemons-1.1.3/lib/daemons/monitor.rb:111:in `start'
	from /Users/cmmagid/Developer/.rvm/gems/ruby-1.8.7-p302@rails2newwebiva/gems/daemons-1.1.3/lib/daemons/application_group.rb:149:in `create_monitor'
	from /Users/cmmagid/Developer/.rvm/gems/ruby-1.8.7-p302@rails2newwebiva/gems/daemons-1.1.3/lib/daemons/application.rb:282:in `start'
	from /Users/cmmagid/Developer/.rvm/gems/ruby-1.8.7-p302@rails2newwebiva/gems/daemons-1.1.3/lib/daemons/controller.rb:70:in `run'
	from /Users/cmmagid/Developer/.rvm/gems/ruby-1.8.7-p302@rails2newwebiva/gems/daemons-1.1.3/lib/daemons.rb:145:in `run'
	from /Users/cmmagid/Developer/.rvm/gems/ruby-1.8.7-p302@rails2newwebiva/gems/daemons-1.1.3/lib/daemons/cmdline.rb:109:in `call'
	from /Users/cmmagid/Developer/.rvm/gems/ruby-1.8.7-p302@rails2newwebiva/gems/daemons-1.1.3/lib/daemons/cmdline.rb:109:in `catch_exceptions'
	from /Users/cmmagid/Developer/.rvm/gems/ruby-1.8.7-p302@rails2newwebiva/gems/daemons-1.1.3/lib/daemons.rb:144:in `run'
	from /Users/cmmagid/rails_projects/Webiva/script/workling_client:17
workling: process with pid 68488 started.
=> Loading Rails...
WARNING: Nokogiri was built against LibXML version 2.7.7, but has dynamically loaded 2.7.3
** Rails loaded.
** Starting Workling::Remote::Invokers::ThreadedPoller...
** Use CTRL-C to stop.
** Exiting
/Users/cmmagid/rails_projects/Webiva/vendor/rails/activerecord/lib/active_record/connection_adapters/mysql_adapter.rb:585:in `real_connect': Can't connect to local MySQL server through socket '/tmp/mysql.sock' (2) (Mysql::Error)
	from /Users/cmmagid/rails_projects/Webiva/vendor/plugins/workling/script/../lib/workling/remote/invokers/threaded_poller.rb:37:in `join'
	from /Users/cmmagid/rails_projects/Webiva/vendor/plugins/workling/script/../lib/workling/remote/invokers/threaded_poller.rb:37:in `listen'
	from /Users/cmmagid/rails_projects/Webiva/vendor/plugins/workling/script/../lib/workling/remote/invokers/threaded_poller.rb:37:in `each'
	from /Users/cmmagid/rails_projects/Webiva/vendor/plugins/workling/script/../lib/workling/remote/invokers/threaded_poller.rb:37:in `listen'
	from /Users/cmmagid/rails_projects/Webiva/vendor/plugins/workling/script/listen.rb:24
	from /Users/cmmagid/Developer/.rvm/gems/ruby-1.8.7-p302@rails2newwebiva/gems/daemons-1.1.3/lib/daemons/application.rb:202:in `load'
	from /Users/cmmagid/Developer/.rvm/gems/ruby-1.8.7-p302@rails2newwebiva/gems/daemons-1.1.3/lib/daemons/application.rb:202:in `start_load'
	from /Users/cmmagid/Developer/.rvm/gems/ruby-1.8.7-p302@rails2newwebiva/gems/daemons-1.1.3/lib/daemons/application.rb:295:in `start'
	from /Users/cmmagid/Developer/.rvm/gems/ruby-1.8.7-p302@rails2newwebiva/gems/daemons-1.1.3/lib/daemons/monitor.rb:51:in `watch'
	from /Users/cmmagid/Developer/.rvm/gems/ruby-1.8.7-p302@rails2newwebiva/gems/daemons-1.1.3/lib/daemons/monitor.rb:51:in `fork'
	from /Users/cmmagid/Developer/.rvm/gems/ruby-1.8.7-p302@rails2newwebiva/gems/daemons-1.1.3/lib/daemons/monitor.rb:51:in `watch'
	from /Users/cmmagid/Developer/.rvm/gems/ruby-1.8.7-p302@rails2newwebiva/gems/daemons-1.1.3/lib/daemons/monitor.rb:45:in `each'
	from /Users/cmmagid/Developer/.rvm/gems/ruby-1.8.7-p302@rails2newwebiva/gems/daemons-1.1.3/lib/daemons/monitor.rb:45:in `watch'
	from /Users/cmmagid/Developer/.rvm/gems/ruby-1.8.7-p302@rails2newwebiva/gems/daemons-1.1.3/lib/daemons/monitor.rb:44:in `loop'
	from /Users/cmmagid/Developer/.rvm/gems/ruby-1.8.7-p302@rails2newwebiva/gems/daemons-1.1.3/lib/daemons/monitor.rb:44:in `watch'
	from /Users/cmmagid/Developer/.rvm/gems/ruby-1.8.7-p302@rails2newwebiva/gems/daemons-1.1.3/lib/daemons/monitor.rb:84:in `start_with_pidfile'
	from /Users/cmmagid/Developer/.rvm/gems/ruby-1.8.7-p302@rails2newwebiva/gems/daemons-1.1.3/lib/daemons/monitor.rb:64:in `fork'
	from /Users/cmmagid/Developer/.rvm/gems/ruby-1.8.7-p302@rails2newwebiva/gems/daemons-1.1.3/lib/daemons/monitor.rb:64:in `start_with_pidfile'
	from /Users/cmmagid/Developer/.rvm/gems/ruby-1.8.7-p302@rails2newwebiva/gems/daemons-1.1.3/lib/daemons/monitor.rb:111:in `start'
	from /Users/cmmagid/Developer/.rvm/gems/ruby-1.8.7-p302@rails2newwebiva/gems/daemons-1.1.3/lib/daemons/application_group.rb:149:in `create_monitor'
	from /Users/cmmagid/Developer/.rvm/gems/ruby-1.8.7-p302@rails2newwebiva/gems/daemons-1.1.3/lib/daemons/application.rb:282:in `start'
	from /Users/cmmagid/Developer/.rvm/gems/ruby-1.8.7-p302@rails2newwebiva/gems/daemons-1.1.3/lib/daemons/controller.rb:70:in `run'
	from /Users/cmmagid/Developer/.rvm/gems/ruby-1.8.7-p302@rails2newwebiva/gems/daemons-1.1.3/lib/daemons.rb:145:in `run'
	from /Users/cmmagid/Developer/.rvm/gems/ruby-1.8.7-p302@rails2newwebiva/gems/daemons-1.1.3/lib/daemons/cmdline.rb:109:in `call'
	from /Users/cmmagid/Developer/.rvm/gems/ruby-1.8.7-p302@rails2newwebiva/gems/daemons-1.1.3/lib/daemons/cmdline.rb:109:in `catch_exceptions'
	from /Users/cmmagid/Developer/.rvm/gems/ruby-1.8.7-p302@rails2newwebiva/gems/daemons-1.1.3/lib/daemons.rb:144:in `run'
	from /Users/cmmagid/rails_projects/Webiva/script/workling_client:17
workling: process with pid 68861 started.
=> Loading Rails...
WARNING: Nokogiri was built against LibXML version 2.7.7, but has dynamically loaded 2.7.3
** Rails loaded.
** Starting Workling::Remote::Invokers::ThreadedPoller...
** Use CTRL-C to stop.
** Exiting
/Users/cmmagid/rails_projects/Webiva/vendor/rails/activerecord/lib/active_record/connection_adapters/mysql_adapter.rb:585:in `real_connect': Can't connect to local MySQL server through socket '/tmp/mysql.sock' (2) (Mysql::Error)
	from /Users/cmmagid/rails_projects/Webiva/vendor/plugins/workling/script/../lib/workling/remote/invokers/threaded_poller.rb:37:in `join'
	from /Users/cmmagid/rails_projects/Webiva/vendor/plugins/workling/script/../lib/workling/remote/invokers/threaded_poller.rb:37:in `listen'
	from /Users/cmmagid/rails_projects/Webiva/vendor/plugins/workling/script/../lib/workling/remote/invokers/threaded_poller.rb:37:in `each'
	from /Users/cmmagid/rails_projects/Webiva/vendor/plugins/workling/script/../lib/workling/remote/invokers/threaded_poller.rb:37:in `listen'
	from /Users/cmmagid/rails_projects/Webiva/vendor/plugins/workling/script/listen.rb:24
	from /Users/cmmagid/Developer/.rvm/gems/ruby-1.8.7-p302@rails2newwebiva/gems/daemons-1.1.3/lib/daemons/application.rb:202:in `load'
	from /Users/cmmagid/Developer/.rvm/gems/ruby-1.8.7-p302@rails2newwebiva/gems/daemons-1.1.3/lib/daemons/application.rb:202:in `start_load'
	from /Users/cmmagid/Developer/.rvm/gems/ruby-1.8.7-p302@rails2newwebiva/gems/daemons-1.1.3/lib/daemons/application.rb:295:in `start'
	from /Users/cmmagid/Developer/.rvm/gems/ruby-1.8.7-p302@rails2newwebiva/gems/daemons-1.1.3/lib/daemons/monitor.rb:51:in `watch'
	from /Users/cmmagid/Developer/.rvm/gems/ruby-1.8.7-p302@rails2newwebiva/gems/daemons-1.1.3/lib/daemons/monitor.rb:51:in `fork'
	from /Users/cmmagid/Developer/.rvm/gems/ruby-1.8.7-p302@rails2newwebiva/gems/daemons-1.1.3/lib/daemons/monitor.rb:51:in `watch'
	from /Users/cmmagid/Developer/.rvm/gems/ruby-1.8.7-p302@rails2newwebiva/gems/daemons-1.1.3/lib/daemons/monitor.rb:45:in `each'
	from /Users/cmmagid/Developer/.rvm/gems/ruby-1.8.7-p302@rails2newwebiva/gems/daemons-1.1.3/lib/daemons/monitor.rb:45:in `watch'
	from /Users/cmmagid/Developer/.rvm/gems/ruby-1.8.7-p302@rails2newwebiva/gems/daemons-1.1.3/lib/daemons/monitor.rb:44:in `loop'
	from /Users/cmmagid/Developer/.rvm/gems/ruby-1.8.7-p302@rails2newwebiva/gems/daemons-1.1.3/lib/daemons/monitor.rb:44:in `watch'
	from /Users/cmmagid/Developer/.rvm/gems/ruby-1.8.7-p302@rails2newwebiva/gems/daemons-1.1.3/lib/daemons/monitor.rb:84:in `start_with_pidfile'
	from /Users/cmmagid/Developer/.rvm/gems/ruby-1.8.7-p302@rails2newwebiva/gems/daemons-1.1.3/lib/daemons/monitor.rb:64:in `fork'
	from /Users/cmmagid/Developer/.rvm/gems/ruby-1.8.7-p302@rails2newwebiva/gems/daemons-1.1.3/lib/daemons/monitor.rb:64:in `start_with_pidfile'
	from /Users/cmmagid/Developer/.rvm/gems/ruby-1.8.7-p302@rails2newwebiva/gems/daemons-1.1.3/lib/daemons/monitor.rb:111:in `start'
	from /Users/cmmagid/Developer/.rvm/gems/ruby-1.8.7-p302@rails2newwebiva/gems/daemons-1.1.3/lib/daemons/application_group.rb:149:in `create_monitor'
	from /Users/cmmagid/Developer/.rvm/gems/ruby-1.8.7-p302@rails2newwebiva/gems/daemons-1.1.3/lib/daemons/application.rb:282:in `start'
	from /Users/cmmagid/Developer/.rvm/gems/ruby-1.8.7-p302@rails2newwebiva/gems/daemons-1.1.3/lib/daemons/controller.rb:70:in `run'
	from /Users/cmmagid/Developer/.rvm/gems/ruby-1.8.7-p302@rails2newwebiva/gems/daemons-1.1.3/lib/daemons.rb:145:in `run'
	from /Users/cmmagid/Developer/.rvm/gems/ruby-1.8.7-p302@rails2newwebiva/gems/daemons-1.1.3/lib/daemons/cmdline.rb:109:in `call'
	from /Users/cmmagid/Developer/.rvm/gems/ruby-1.8.7-p302@rails2newwebiva/gems/daemons-1.1.3/lib/daemons/cmdline.rb:109:in `catch_exceptions'
	from /Users/cmmagid/Developer/.rvm/gems/ruby-1.8.7-p302@rails2newwebiva/gems/daemons-1.1.3/lib/daemons.rb:144:in `run'
	from /Users/cmmagid/rails_projects/Webiva/script/workling_client:17
workling: process with pid 69234 started.
=> Loading Rails...
WARNING: Nokogiri was built against LibXML version 2.7.7, but has dynamically loaded 2.7.3
** Rails loaded.
** Starting Workling::Remote::Invokers::ThreadedPoller...
** Use CTRL-C to stop.
** Exiting
/Users/cmmagid/rails_projects/Webiva/vendor/rails/activerecord/lib/active_record/connection_adapters/mysql_adapter.rb:585:in `real_connect': Can't connect to local MySQL server through socket '/tmp/mysql.sock' (2) (Mysql::Error)
	from /Users/cmmagid/rails_projects/Webiva/vendor/plugins/workling/script/../lib/workling/remote/invokers/threaded_poller.rb:37:in `join'
	from /Users/cmmagid/rails_projects/Webiva/vendor/plugins/workling/script/../lib/workling/remote/invokers/threaded_poller.rb:37:in `listen'
	from /Users/cmmagid/rails_projects/Webiva/vendor/plugins/workling/script/../lib/workling/remote/invokers/threaded_poller.rb:37:in `each'
	from /Users/cmmagid/rails_projects/Webiva/vendor/plugins/workling/script/../lib/workling/remote/invokers/threaded_poller.rb:37:in `listen'
	from /Users/cmmagid/rails_projects/Webiva/vendor/plugins/workling/script/listen.rb:24
	from /Users/cmmagid/Developer/.rvm/gems/ruby-1.8.7-p302@rails2newwebiva/gems/daemons-1.1.3/lib/daemons/application.rb:202:in `load'
	from /Users/cmmagid/Developer/.rvm/gems/ruby-1.8.7-p302@rails2newwebiva/gems/daemons-1.1.3/lib/daemons/application.rb:202:in `start_load'
	from /Users/cmmagid/Developer/.rvm/gems/ruby-1.8.7-p302@rails2newwebiva/gems/daemons-1.1.3/lib/daemons/application.rb:295:in `start'
	from /Users/cmmagid/Developer/.rvm/gems/ruby-1.8.7-p302@rails2newwebiva/gems/daemons-1.1.3/lib/daemons/monitor.rb:51:in `watch'
	from /Users/cmmagid/Developer/.rvm/gems/ruby-1.8.7-p302@rails2newwebiva/gems/daemons-1.1.3/lib/daemons/monitor.rb:51:in `fork'
	from /Users/cmmagid/Developer/.rvm/gems/ruby-1.8.7-p302@rails2newwebiva/gems/daemons-1.1.3/lib/daemons/monitor.rb:51:in `watch'
	from /Users/cmmagid/Developer/.rvm/gems/ruby-1.8.7-p302@rails2newwebiva/gems/daemons-1.1.3/lib/daemons/monitor.rb:45:in `each'
	from /Users/cmmagid/Developer/.rvm/gems/ruby-1.8.7-p302@rails2newwebiva/gems/daemons-1.1.3/lib/daemons/monitor.rb:45:in `watch'
	from /Users/cmmagid/Developer/.rvm/gems/ruby-1.8.7-p302@rails2newwebiva/gems/daemons-1.1.3/lib/daemons/monitor.rb:44:in `loop'
	from /Users/cmmagid/Developer/.rvm/gems/ruby-1.8.7-p302@rails2newwebiva/gems/daemons-1.1.3/lib/daemons/monitor.rb:44:in `watch'
	from /Users/cmmagid/Developer/.rvm/gems/ruby-1.8.7-p302@rails2newwebiva/gems/daemons-1.1.3/lib/daemons/monitor.rb:84:in `start_with_pidfile'
	from /Users/cmmagid/Developer/.rvm/gems/ruby-1.8.7-p302@rails2newwebiva/gems/daemons-1.1.3/lib/daemons/monitor.rb:64:in `fork'
	from /Users/cmmagid/Developer/.rvm/gems/ruby-1.8.7-p302@rails2newwebiva/gems/daemons-1.1.3/lib/daemons/monitor.rb:64:in `start_with_pidfile'
	from /Users/cmmagid/Developer/.rvm/gems/ruby-1.8.7-p302@rails2newwebiva/gems/daemons-1.1.3/lib/daemons/monitor.rb:111:in `start'
	from /Users/cmmagid/Developer/.rvm/gems/ruby-1.8.7-p302@rails2newwebiva/gems/daemons-1.1.3/lib/daemons/application_group.rb:149:in `create_monitor'
	from /Users/cmmagid/Developer/.rvm/gems/ruby-1.8.7-p302@rails2newwebiva/gems/daemons-1.1.3/lib/daemons/application.rb:282:in `start'
	from /Users/cmmagid/Developer/.rvm/gems/ruby-1.8.7-p302@rails2newwebiva/gems/daemons-1.1.3/lib/daemons/controller.rb:70:in `run'
	from /Users/cmmagid/Developer/.rvm/gems/ruby-1.8.7-p302@rails2newwebiva/gems/daemons-1.1.3/lib/daemons.rb:145:in `run'
	from /Users/cmmagid/Developer/.rvm/gems/ruby-1.8.7-p302@rails2newwebiva/gems/daemons-1.1.3/lib/daemons/cmdline.rb:109:in `call'
	from /Users/cmmagid/Developer/.rvm/gems/ruby-1.8.7-p302@rails2newwebiva/gems/daemons-1.1.3/lib/daemons/cmdline.rb:109:in `catch_exceptions'
	from /Users/cmmagid/Developer/.rvm/gems/ruby-1.8.7-p302@rails2newwebiva/gems/daemons-1.1.3/lib/daemons.rb:144:in `run'
	from /Users/cmmagid/rails_projects/Webiva/script/workling_client:17
workling: process with pid 69614 started.
=> Loading Rails...
WARNING: Nokogiri was built against LibXML version 2.7.7, but has dynamically loaded 2.7.3
** Rails loaded.
** Starting Workling::Remote::Invokers::ThreadedPoller...
** Use CTRL-C to stop.
** Exiting
/Users/cmmagid/rails_projects/Webiva/vendor/rails/activerecord/lib/active_record/connection_adapters/mysql_adapter.rb:585:in `real_connect': Can't connect to local MySQL server through socket '/tmp/mysql.sock' (2) (Mysql::Error)
	from /Users/cmmagid/rails_projects/Webiva/vendor/plugins/workling/script/../lib/workling/remote/invokers/threaded_poller.rb:37:in `join'
	from /Users/cmmagid/rails_projects/Webiva/vendor/plugins/workling/script/../lib/workling/remote/invokers/threaded_poller.rb:37:in `listen'
	from /Users/cmmagid/rails_projects/Webiva/vendor/plugins/workling/script/../lib/workling/remote/invokers/threaded_poller.rb:37:in `each'
	from /Users/cmmagid/rails_projects/Webiva/vendor/plugins/workling/script/../lib/workling/remote/invokers/threaded_poller.rb:37:in `listen'
	from /Users/cmmagid/rails_projects/Webiva/vendor/plugins/workling/script/listen.rb:24
	from /Users/cmmagid/Developer/.rvm/gems/ruby-1.8.7-p302@rails2newwebiva/gems/daemons-1.1.3/lib/daemons/application.rb:202:in `load'
	from /Users/cmmagid/Developer/.rvm/gems/ruby-1.8.7-p302@rails2newwebiva/gems/daemons-1.1.3/lib/daemons/application.rb:202:in `start_load'
	from /Users/cmmagid/Developer/.rvm/gems/ruby-1.8.7-p302@rails2newwebiva/gems/daemons-1.1.3/lib/daemons/application.rb:295:in `start'
	from /Users/cmmagid/Developer/.rvm/gems/ruby-1.8.7-p302@rails2newwebiva/gems/daemons-1.1.3/lib/daemons/monitor.rb:51:in `watch'
	from /Users/cmmagid/Developer/.rvm/gems/ruby-1.8.7-p302@rails2newwebiva/gems/daemons-1.1.3/lib/daemons/monitor.rb:51:in `fork'
	from /Users/cmmagid/Developer/.rvm/gems/ruby-1.8.7-p302@rails2newwebiva/gems/daemons-1.1.3/lib/daemons/monitor.rb:51:in `watch'
	from /Users/cmmagid/Developer/.rvm/gems/ruby-1.8.7-p302@rails2newwebiva/gems/daemons-1.1.3/lib/daemons/monitor.rb:45:in `each'
	from /Users/cmmagid/Developer/.rvm/gems/ruby-1.8.7-p302@rails2newwebiva/gems/daemons-1.1.3/lib/daemons/monitor.rb:45:in `watch'
	from /Users/cmmagid/Developer/.rvm/gems/ruby-1.8.7-p302@rails2newwebiva/gems/daemons-1.1.3/lib/daemons/monitor.rb:44:in `loop'
	from /Users/cmmagid/Developer/.rvm/gems/ruby-1.8.7-p302@rails2newwebiva/gems/daemons-1.1.3/lib/daemons/monitor.rb:44:in `watch'
	from /Users/cmmagid/Developer/.rvm/gems/ruby-1.8.7-p302@rails2newwebiva/gems/daemons-1.1.3/lib/daemons/monitor.rb:84:in `start_with_pidfile'
	from /Users/cmmagid/Developer/.rvm/gems/ruby-1.8.7-p302@rails2newwebiva/gems/daemons-1.1.3/lib/daemons/monitor.rb:64:in `fork'
	from /Users/cmmagid/Developer/.rvm/gems/ruby-1.8.7-p302@rails2newwebiva/gems/daemons-1.1.3/lib/daemons/monitor.rb:64:in `start_with_pidfile'
	from /Users/cmmagid/Developer/.rvm/gems/ruby-1.8.7-p302@rails2newwebiva/gems/daemons-1.1.3/lib/daemons/monitor.rb:111:in `start'
	from /Users/cmmagid/Developer/.rvm/gems/ruby-1.8.7-p302@rails2newwebiva/gems/daemons-1.1.3/lib/daemons/application_group.rb:149:in `create_monitor'
	from /Users/cmmagid/Developer/.rvm/gems/ruby-1.8.7-p302@rails2newwebiva/gems/daemons-1.1.3/lib/daemons/application.rb:282:in `start'
	from /Users/cmmagid/Developer/.rvm/gems/ruby-1.8.7-p302@rails2newwebiva/gems/daemons-1.1.3/lib/daemons/controller.rb:70:in `run'
	from /Users/cmmagid/Developer/.rvm/gems/ruby-1.8.7-p302@rails2newwebiva/gems/daemons-1.1.3/lib/daemons.rb:145:in `run'
	from /Users/cmmagid/Developer/.rvm/gems/ruby-1.8.7-p302@rails2newwebiva/gems/daemons-1.1.3/lib/daemons/cmdline.rb:109:in `call'
	from /Users/cmmagid/Developer/.rvm/gems/ruby-1.8.7-p302@rails2newwebiva/gems/daemons-1.1.3/lib/daemons/cmdline.rb:109:in `catch_exceptions'
	from /Users/cmmagid/Developer/.rvm/gems/ruby-1.8.7-p302@rails2newwebiva/gems/daemons-1.1.3/lib/daemons.rb:144:in `run'
	from /Users/cmmagid/rails_projects/Webiva/script/workling_client:17
workling: process with pid 69914 started.
=> Loading Rails...
WARNING: Nokogiri was built against LibXML version 2.7.7, but has dynamically loaded 2.7.3
** Rails loaded.
** Starting Workling::Remote::Invokers::ThreadedPoller...
** Use CTRL-C to stop.
** Exiting
/Users/cmmagid/rails_projects/Webiva/vendor/rails/activerecord/lib/active_record/connection_adapters/mysql_adapter.rb:585:in `real_connect': Can't connect to local MySQL server through socket '/tmp/mysql.sock' (2) (Mysql::Error)
	from /Users/cmmagid/rails_projects/Webiva/vendor/plugins/workling/script/../lib/workling/remote/invokers/threaded_poller.rb:37:in `join'
	from /Users/cmmagid/rails_projects/Webiva/vendor/plugins/workling/script/../lib/workling/remote/invokers/threaded_poller.rb:37:in `listen'
	from /Users/cmmagid/rails_projects/Webiva/vendor/plugins/workling/script/../lib/workling/remote/invokers/threaded_poller.rb:37:in `each'
	from /Users/cmmagid/rails_projects/Webiva/vendor/plugins/workling/script/../lib/workling/remote/invokers/threaded_poller.rb:37:in `listen'
	from /Users/cmmagid/rails_projects/Webiva/vendor/plugins/workling/script/listen.rb:24
	from /Users/cmmagid/Developer/.rvm/gems/ruby-1.8.7-p302@rails2newwebiva/gems/daemons-1.1.3/lib/daemons/application.rb:202:in `load'
	from /Users/cmmagid/Developer/.rvm/gems/ruby-1.8.7-p302@rails2newwebiva/gems/daemons-1.1.3/lib/daemons/application.rb:202:in `start_load'
	from /Users/cmmagid/Developer/.rvm/gems/ruby-1.8.7-p302@rails2newwebiva/gems/daemons-1.1.3/lib/daemons/application.rb:295:in `start'
	from /Users/cmmagid/Developer/.rvm/gems/ruby-1.8.7-p302@rails2newwebiva/gems/daemons-1.1.3/lib/daemons/monitor.rb:51:in `watch'
	from /Users/cmmagid/Developer/.rvm/gems/ruby-1.8.7-p302@rails2newwebiva/gems/daemons-1.1.3/lib/daemons/monitor.rb:51:in `fork'
	from /Users/cmmagid/Developer/.rvm/gems/ruby-1.8.7-p302@rails2newwebiva/gems/daemons-1.1.3/lib/daemons/monitor.rb:51:in `watch'
	from /Users/cmmagid/Developer/.rvm/gems/ruby-1.8.7-p302@rails2newwebiva/gems/daemons-1.1.3/lib/daemons/monitor.rb:45:in `each'
	from /Users/cmmagid/Developer/.rvm/gems/ruby-1.8.7-p302@rails2newwebiva/gems/daemons-1.1.3/lib/daemons/monitor.rb:45:in `watch'
	from /Users/cmmagid/Developer/.rvm/gems/ruby-1.8.7-p302@rails2newwebiva/gems/daemons-1.1.3/lib/daemons/monitor.rb:44:in `loop'
	from /Users/cmmagid/Developer/.rvm/gems/ruby-1.8.7-p302@rails2newwebiva/gems/daemons-1.1.3/lib/daemons/monitor.rb:44:in `watch'
	from /Users/cmmagid/Developer/.rvm/gems/ruby-1.8.7-p302@rails2newwebiva/gems/daemons-1.1.3/lib/daemons/monitor.rb:84:in `start_with_pidfile'
	from /Users/cmmagid/Developer/.rvm/gems/ruby-1.8.7-p302@rails2newwebiva/gems/daemons-1.1.3/lib/daemons/monitor.rb:64:in `fork'
	from /Users/cmmagid/Developer/.rvm/gems/ruby-1.8.7-p302@rails2newwebiva/gems/daemons-1.1.3/lib/daemons/monitor.rb:64:in `start_with_pidfile'
	from /Users/cmmagid/Developer/.rvm/gems/ruby-1.8.7-p302@rails2newwebiva/gems/daemons-1.1.3/lib/daemons/monitor.rb:111:in `start'
	from /Users/cmmagid/Developer/.rvm/gems/ruby-1.8.7-p302@rails2newwebiva/gems/daemons-1.1.3/lib/daemons/application_group.rb:149:in `create_monitor'
	from /Users/cmmagid/Developer/.rvm/gems/ruby-1.8.7-p302@rails2newwebiva/gems/daemons-1.1.3/lib/daemons/application.rb:282:in `start'
	from /Users/cmmagid/Developer/.rvm/gems/ruby-1.8.7-p302@rails2newwebiva/gems/daemons-1.1.3/lib/daemons/controller.rb:70:in `run'
	from /Users/cmmagid/Developer/.rvm/gems/ruby-1.8.7-p302@rails2newwebiva/gems/daemons-1.1.3/lib/daemons.rb:145:in `run'
	from /Users/cmmagid/Developer/.rvm/gems/ruby-1.8.7-p302@rails2newwebiva/gems/daemons-1.1.3/lib/daemons/cmdline.rb:109:in `call'
	from /Users/cmmagid/Developer/.rvm/gems/ruby-1.8.7-p302@rails2newwebiva/gems/daemons-1.1.3/lib/daemons/cmdline.rb:109:in `catch_exceptions'
	from /Users/cmmagid/Developer/.rvm/gems/ruby-1.8.7-p302@rails2newwebiva/gems/daemons-1.1.3/lib/daemons.rb:144:in `run'
	from /Users/cmmagid/rails_projects/Webiva/script/workling_client:17
workling: process with pid 70304 started.
=> Loading Rails...
WARNING: Nokogiri was built against LibXML version 2.7.7, but has dynamically loaded 2.7.3
** Rails loaded.
** Starting Workling::Remote::Invokers::ThreadedPoller...
** Use CTRL-C to stop.
** Exiting
/Users/cmmagid/rails_projects/Webiva/vendor/rails/activerecord/lib/active_record/connection_adapters/mysql_adapter.rb:585:in `real_connect': Can't connect to local MySQL server through socket '/tmp/mysql.sock' (2) (Mysql::Error)
	from /Users/cmmagid/rails_projects/Webiva/vendor/plugins/workling/script/../lib/workling/remote/invokers/threaded_poller.rb:37:in `join'
	from /Users/cmmagid/rails_projects/Webiva/vendor/plugins/workling/script/../lib/workling/remote/invokers/threaded_poller.rb:37:in `listen'
	from /Users/cmmagid/rails_projects/Webiva/vendor/plugins/workling/script/../lib/workling/remote/invokers/threaded_poller.rb:37:in `each'
	from /Users/cmmagid/rails_projects/Webiva/vendor/plugins/workling/script/../lib/workling/remote/invokers/threaded_poller.rb:37:in `listen'
	from /Users/cmmagid/rails_projects/Webiva/vendor/plugins/workling/script/listen.rb:24
	from /Users/cmmagid/Developer/.rvm/gems/ruby-1.8.7-p302@rails2newwebiva/gems/daemons-1.1.3/lib/daemons/application.rb:202:in `load'
	from /Users/cmmagid/Developer/.rvm/gems/ruby-1.8.7-p302@rails2newwebiva/gems/daemons-1.1.3/lib/daemons/application.rb:202:in `start_load'
	from /Users/cmmagid/Developer/.rvm/gems/ruby-1.8.7-p302@rails2newwebiva/gems/daemons-1.1.3/lib/daemons/application.rb:295:in `start'
	from /Users/cmmagid/Developer/.rvm/gems/ruby-1.8.7-p302@rails2newwebiva/gems/daemons-1.1.3/lib/daemons/monitor.rb:51:in `watch'
	from /Users/cmmagid/Developer/.rvm/gems/ruby-1.8.7-p302@rails2newwebiva/gems/daemons-1.1.3/lib/daemons/monitor.rb:51:in `fork'
	from /Users/cmmagid/Developer/.rvm/gems/ruby-1.8.7-p302@rails2newwebiva/gems/daemons-1.1.3/lib/daemons/monitor.rb:51:in `watch'
	from /Users/cmmagid/Developer/.rvm/gems/ruby-1.8.7-p302@rails2newwebiva/gems/daemons-1.1.3/lib/daemons/monitor.rb:45:in `each'
	from /Users/cmmagid/Developer/.rvm/gems/ruby-1.8.7-p302@rails2newwebiva/gems/daemons-1.1.3/lib/daemons/monitor.rb:45:in `watch'
	from /Users/cmmagid/Developer/.rvm/gems/ruby-1.8.7-p302@rails2newwebiva/gems/daemons-1.1.3/lib/daemons/monitor.rb:44:in `loop'
	from /Users/cmmagid/Developer/.rvm/gems/ruby-1.8.7-p302@rails2newwebiva/gems/daemons-1.1.3/lib/daemons/monitor.rb:44:in `watch'
	from /Users/cmmagid/Developer/.rvm/gems/ruby-1.8.7-p302@rails2newwebiva/gems/daemons-1.1.3/lib/daemons/monitor.rb:84:in `start_with_pidfile'
	from /Users/cmmagid/Developer/.rvm/gems/ruby-1.8.7-p302@rails2newwebiva/gems/daemons-1.1.3/lib/daemons/monitor.rb:64:in `fork'
	from /Users/cmmagid/Developer/.rvm/gems/ruby-1.8.7-p302@rails2newwebiva/gems/daemons-1.1.3/lib/daemons/monitor.rb:64:in `start_with_pidfile'
	from /Users/cmmagid/Developer/.rvm/gems/ruby-1.8.7-p302@rails2newwebiva/gems/daemons-1.1.3/lib/daemons/monitor.rb:111:in `start'
	from /Users/cmmagid/Developer/.rvm/gems/ruby-1.8.7-p302@rails2newwebiva/gems/daemons-1.1.3/lib/daemons/application_group.rb:149:in `create_monitor'
	from /Users/cmmagid/Developer/.rvm/gems/ruby-1.8.7-p302@rails2newwebiva/gems/daemons-1.1.3/lib/daemons/application.rb:282:in `start'
	from /Users/cmmagid/Developer/.rvm/gems/ruby-1.8.7-p302@rails2newwebiva/gems/daemons-1.1.3/lib/daemons/controller.rb:70:in `run'
	from /Users/cmmagid/Developer/.rvm/gems/ruby-1.8.7-p302@rails2newwebiva/gems/daemons-1.1.3/lib/daemons.rb:145:in `run'
	from /Users/cmmagid/Developer/.rvm/gems/ruby-1.8.7-p302@rails2newwebiva/gems/daemons-1.1.3/lib/daemons/cmdline.rb:109:in `call'
	from /Users/cmmagid/Developer/.rvm/gems/ruby-1.8.7-p302@rails2newwebiva/gems/daemons-1.1.3/lib/daemons/cmdline.rb:109:in `catch_exceptions'
	from /Users/cmmagid/Developer/.rvm/gems/ruby-1.8.7-p302@rails2newwebiva/gems/daemons-1.1.3/lib/daemons.rb:144:in `run'
	from /Users/cmmagid/rails_projects/Webiva/script/workling_client:17
workling: process with pid 70693 started.
=> Loading Rails...
WARNING: Nokogiri was built against LibXML version 2.7.7, but has dynamically loaded 2.7.3
** Rails loaded.
** Starting Workling::Remote::Invokers::ThreadedPoller...
** Use CTRL-C to stop.
** Exiting
/Users/cmmagid/rails_projects/Webiva/vendor/rails/activerecord/lib/active_record/connection_adapters/mysql_adapter.rb:585:in `real_connect': Can't connect to local MySQL server through socket '/tmp/mysql.sock' (2) (Mysql::Error)
	from /Users/cmmagid/rails_projects/Webiva/vendor/plugins/workling/script/../lib/workling/remote/invokers/threaded_poller.rb:37:in `join'
	from /Users/cmmagid/rails_projects/Webiva/vendor/plugins/workling/script/../lib/workling/remote/invokers/threaded_poller.rb:37:in `listen'
	from /Users/cmmagid/rails_projects/Webiva/vendor/plugins/workling/script/../lib/workling/remote/invokers/threaded_poller.rb:37:in `each'
	from /Users/cmmagid/rails_projects/Webiva/vendor/plugins/workling/script/../lib/workling/remote/invokers/threaded_poller.rb:37:in `listen'
	from /Users/cmmagid/rails_projects/Webiva/vendor/plugins/workling/script/listen.rb:24
	from /Users/cmmagid/Developer/.rvm/gems/ruby-1.8.7-p302@rails2newwebiva/gems/daemons-1.1.3/lib/daemons/application.rb:202:in `load'
	from /Users/cmmagid/Developer/.rvm/gems/ruby-1.8.7-p302@rails2newwebiva/gems/daemons-1.1.3/lib/daemons/application.rb:202:in `start_load'
	from /Users/cmmagid/Developer/.rvm/gems/ruby-1.8.7-p302@rails2newwebiva/gems/daemons-1.1.3/lib/daemons/application.rb:295:in `start'
	from /Users/cmmagid/Developer/.rvm/gems/ruby-1.8.7-p302@rails2newwebiva/gems/daemons-1.1.3/lib/daemons/monitor.rb:51:in `watch'
	from /Users/cmmagid/Developer/.rvm/gems/ruby-1.8.7-p302@rails2newwebiva/gems/daemons-1.1.3/lib/daemons/monitor.rb:51:in `fork'
	from /Users/cmmagid/Developer/.rvm/gems/ruby-1.8.7-p302@rails2newwebiva/gems/daemons-1.1.3/lib/daemons/monitor.rb:51:in `watch'
	from /Users/cmmagid/Developer/.rvm/gems/ruby-1.8.7-p302@rails2newwebiva/gems/daemons-1.1.3/lib/daemons/monitor.rb:45:in `each'
	from /Users/cmmagid/Developer/.rvm/gems/ruby-1.8.7-p302@rails2newwebiva/gems/daemons-1.1.3/lib/daemons/monitor.rb:45:in `watch'
	from /Users/cmmagid/Developer/.rvm/gems/ruby-1.8.7-p302@rails2newwebiva/gems/daemons-1.1.3/lib/daemons/monitor.rb:44:in `loop'
	from /Users/cmmagid/Developer/.rvm/gems/ruby-1.8.7-p302@rails2newwebiva/gems/daemons-1.1.3/lib/daemons/monitor.rb:44:in `watch'
	from /Users/cmmagid/Developer/.rvm/gems/ruby-1.8.7-p302@rails2newwebiva/gems/daemons-1.1.3/lib/daemons/monitor.rb:84:in `start_with_pidfile'
	from /Users/cmmagid/Developer/.rvm/gems/ruby-1.8.7-p302@rails2newwebiva/gems/daemons-1.1.3/lib/daemons/monitor.rb:64:in `fork'
	from /Users/cmmagid/Developer/.rvm/gems/ruby-1.8.7-p302@rails2newwebiva/gems/daemons-1.1.3/lib/daemons/monitor.rb:64:in `start_with_pidfile'
	from /Users/cmmagid/Developer/.rvm/gems/ruby-1.8.7-p302@rails2newwebiva/gems/daemons-1.1.3/lib/daemons/monitor.rb:111:in `start'
	from /Users/cmmagid/Developer/.rvm/gems/ruby-1.8.7-p302@rails2newwebiva/gems/daemons-1.1.3/lib/daemons/application_group.rb:149:in `create_monitor'
	from /Users/cmmagid/Developer/.rvm/gems/ruby-1.8.7-p302@rails2newwebiva/gems/daemons-1.1.3/lib/daemons/application.rb:282:in `start'
	from /Users/cmmagid/Developer/.rvm/gems/ruby-1.8.7-p302@rails2newwebiva/gems/daemons-1.1.3/lib/daemons/controller.rb:70:in `run'
	from /Users/cmmagid/Developer/.rvm/gems/ruby-1.8.7-p302@rails2newwebiva/gems/daemons-1.1.3/lib/daemons.rb:145:in `run'
	from /Users/cmmagid/Developer/.rvm/gems/ruby-1.8.7-p302@rails2newwebiva/gems/daemons-1.1.3/lib/daemons/cmdline.rb:109:in `call'
	from /Users/cmmagid/Developer/.rvm/gems/ruby-1.8.7-p302@rails2newwebiva/gems/daemons-1.1.3/lib/daemons/cmdline.rb:109:in `catch_exceptions'
	from /Users/cmmagid/Developer/.rvm/gems/ruby-1.8.7-p302@rails2newwebiva/gems/daemons-1.1.3/lib/daemons.rb:144:in `run'
	from /Users/cmmagid/rails_projects/Webiva/script/workling_client:17
workling: process with pid 71102 started.
=> Loading Rails...
WARNING: Nokogiri was built against LibXML version 2.7.7, but has dynamically loaded 2.7.3
** Rails loaded.
** Starting Workling::Remote::Invokers::ThreadedPoller...
** Use CTRL-C to stop.
** Exiting
/Users/cmmagid/rails_projects/Webiva/vendor/rails/activerecord/lib/active_record/connection_adapters/mysql_adapter.rb:585:in `real_connect': Can't connect to local MySQL server through socket '/tmp/mysql.sock' (2) (Mysql::Error)
	from /Users/cmmagid/rails_projects/Webiva/vendor/plugins/workling/script/../lib/workling/remote/invokers/threaded_poller.rb:37:in `join'
	from /Users/cmmagid/rails_projects/Webiva/vendor/plugins/workling/script/../lib/workling/remote/invokers/threaded_poller.rb:37:in `listen'
	from /Users/cmmagid/rails_projects/Webiva/vendor/plugins/workling/script/../lib/workling/remote/invokers/threaded_poller.rb:37:in `each'
	from /Users/cmmagid/rails_projects/Webiva/vendor/plugins/workling/script/../lib/workling/remote/invokers/threaded_poller.rb:37:in `listen'
	from /Users/cmmagid/rails_projects/Webiva/vendor/plugins/workling/script/listen.rb:24
	from /Users/cmmagid/Developer/.rvm/gems/ruby-1.8.7-p302@rails2newwebiva/gems/daemons-1.1.3/lib/daemons/application.rb:202:in `load'
	from /Users/cmmagid/Developer/.rvm/gems/ruby-1.8.7-p302@rails2newwebiva/gems/daemons-1.1.3/lib/daemons/application.rb:202:in `start_load'
	from /Users/cmmagid/Developer/.rvm/gems/ruby-1.8.7-p302@rails2newwebiva/gems/daemons-1.1.3/lib/daemons/application.rb:295:in `start'
	from /Users/cmmagid/Developer/.rvm/gems/ruby-1.8.7-p302@rails2newwebiva/gems/daemons-1.1.3/lib/daemons/monitor.rb:51:in `watch'
	from /Users/cmmagid/Developer/.rvm/gems/ruby-1.8.7-p302@rails2newwebiva/gems/daemons-1.1.3/lib/daemons/monitor.rb:51:in `fork'
	from /Users/cmmagid/Developer/.rvm/gems/ruby-1.8.7-p302@rails2newwebiva/gems/daemons-1.1.3/lib/daemons/monitor.rb:51:in `watch'
	from /Users/cmmagid/Developer/.rvm/gems/ruby-1.8.7-p302@rails2newwebiva/gems/daemons-1.1.3/lib/daemons/monitor.rb:45:in `each'
	from /Users/cmmagid/Developer/.rvm/gems/ruby-1.8.7-p302@rails2newwebiva/gems/daemons-1.1.3/lib/daemons/monitor.rb:45:in `watch'
	from /Users/cmmagid/Developer/.rvm/gems/ruby-1.8.7-p302@rails2newwebiva/gems/daemons-1.1.3/lib/daemons/monitor.rb:44:in `loop'
	from /Users/cmmagid/Developer/.rvm/gems/ruby-1.8.7-p302@rails2newwebiva/gems/daemons-1.1.3/lib/daemons/monitor.rb:44:in `watch'
	from /Users/cmmagid/Developer/.rvm/gems/ruby-1.8.7-p302@rails2newwebiva/gems/daemons-1.1.3/lib/daemons/monitor.rb:84:in `start_with_pidfile'
	from /Users/cmmagid/Developer/.rvm/gems/ruby-1.8.7-p302@rails2newwebiva/gems/daemons-1.1.3/lib/daemons/monitor.rb:64:in `fork'
	from /Users/cmmagid/Developer/.rvm/gems/ruby-1.8.7-p302@rails2newwebiva/gems/daemons-1.1.3/lib/daemons/monitor.rb:64:in `start_with_pidfile'
	from /Users/cmmagid/Developer/.rvm/gems/ruby-1.8.7-p302@rails2newwebiva/gems/daemons-1.1.3/lib/daemons/monitor.rb:111:in `start'
	from /Users/cmmagid/Developer/.rvm/gems/ruby-1.8.7-p302@rails2newwebiva/gems/daemons-1.1.3/lib/daemons/application_group.rb:149:in `create_monitor'
	from /Users/cmmagid/Developer/.rvm/gems/ruby-1.8.7-p302@rails2newwebiva/gems/daemons-1.1.3/lib/daemons/application.rb:282:in `start'
	from /Users/cmmagid/Developer/.rvm/gems/ruby-1.8.7-p302@rails2newwebiva/gems/daemons-1.1.3/lib/daemons/controller.rb:70:in `run'
	from /Users/cmmagid/Developer/.rvm/gems/ruby-1.8.7-p302@rails2newwebiva/gems/daemons-1.1.3/lib/daemons.rb:145:in `run'
	from /Users/cmmagid/Developer/.rvm/gems/ruby-1.8.7-p302@rails2newwebiva/gems/daemons-1.1.3/lib/daemons/cmdline.rb:109:in `call'
	from /Users/cmmagid/Developer/.rvm/gems/ruby-1.8.7-p302@rails2newwebiva/gems/daemons-1.1.3/lib/daemons/cmdline.rb:109:in `catch_exceptions'
	from /Users/cmmagid/Developer/.rvm/gems/ruby-1.8.7-p302@rails2newwebiva/gems/daemons-1.1.3/lib/daemons.rb:144:in `run'
	from /Users/cmmagid/rails_projects/Webiva/script/workling_client:17
workling: process with pid 71487 started.
=> Loading Rails...
WARNING: Nokogiri was built against LibXML version 2.7.7, but has dynamically loaded 2.7.3
** Rails loaded.
** Starting Workling::Remote::Invokers::ThreadedPoller...
** Use CTRL-C to stop.
** Exiting
/Users/cmmagid/rails_projects/Webiva/vendor/rails/activerecord/lib/active_record/connection_adapters/mysql_adapter.rb:585:in `real_connect': Can't connect to local MySQL server through socket '/tmp/mysql.sock' (2) (Mysql::Error)
	from /Users/cmmagid/rails_projects/Webiva/vendor/plugins/workling/script/../lib/workling/remote/invokers/threaded_poller.rb:37:in `join'
	from /Users/cmmagid/rails_projects/Webiva/vendor/plugins/workling/script/../lib/workling/remote/invokers/threaded_poller.rb:37:in `listen'
	from /Users/cmmagid/rails_projects/Webiva/vendor/plugins/workling/script/../lib/workling/remote/invokers/threaded_poller.rb:37:in `each'
	from /Users/cmmagid/rails_projects/Webiva/vendor/plugins/workling/script/../lib/workling/remote/invokers/threaded_poller.rb:37:in `listen'
	from /Users/cmmagid/rails_projects/Webiva/vendor/plugins/workling/script/listen.rb:24
	from /Users/cmmagid/Developer/.rvm/gems/ruby-1.8.7-p302@rails2newwebiva/gems/daemons-1.1.3/lib/daemons/application.rb:202:in `load'
	from /Users/cmmagid/Developer/.rvm/gems/ruby-1.8.7-p302@rails2newwebiva/gems/daemons-1.1.3/lib/daemons/application.rb:202:in `start_load'
	from /Users/cmmagid/Developer/.rvm/gems/ruby-1.8.7-p302@rails2newwebiva/gems/daemons-1.1.3/lib/daemons/application.rb:295:in `start'
	from /Users/cmmagid/Developer/.rvm/gems/ruby-1.8.7-p302@rails2newwebiva/gems/daemons-1.1.3/lib/daemons/monitor.rb:51:in `watch'
	from /Users/cmmagid/Developer/.rvm/gems/ruby-1.8.7-p302@rails2newwebiva/gems/daemons-1.1.3/lib/daemons/monitor.rb:51:in `fork'
	from /Users/cmmagid/Developer/.rvm/gems/ruby-1.8.7-p302@rails2newwebiva/gems/daemons-1.1.3/lib/daemons/monitor.rb:51:in `watch'
	from /Users/cmmagid/Developer/.rvm/gems/ruby-1.8.7-p302@rails2newwebiva/gems/daemons-1.1.3/lib/daemons/monitor.rb:45:in `each'
	from /Users/cmmagid/Developer/.rvm/gems/ruby-1.8.7-p302@rails2newwebiva/gems/daemons-1.1.3/lib/daemons/monitor.rb:45:in `watch'
	from /Users/cmmagid/Developer/.rvm/gems/ruby-1.8.7-p302@rails2newwebiva/gems/daemons-1.1.3/lib/daemons/monitor.rb:44:in `loop'
	from /Users/cmmagid/Developer/.rvm/gems/ruby-1.8.7-p302@rails2newwebiva/gems/daemons-1.1.3/lib/daemons/monitor.rb:44:in `watch'
	from /Users/cmmagid/Developer/.rvm/gems/ruby-1.8.7-p302@rails2newwebiva/gems/daemons-1.1.3/lib/daemons/monitor.rb:84:in `start_with_pidfile'
	from /Users/cmmagid/Developer/.rvm/gems/ruby-1.8.7-p302@rails2newwebiva/gems/daemons-1.1.3/lib/daemons/monitor.rb:64:in `fork'
	from /Users/cmmagid/Developer/.rvm/gems/ruby-1.8.7-p302@rails2newwebiva/gems/daemons-1.1.3/lib/daemons/monitor.rb:64:in `start_with_pidfile'
	from /Users/cmmagid/Developer/.rvm/gems/ruby-1.8.7-p302@rails2newwebiva/gems/daemons-1.1.3/lib/daemons/monitor.rb:111:in `start'
	from /Users/cmmagid/Developer/.rvm/gems/ruby-1.8.7-p302@rails2newwebiva/gems/daemons-1.1.3/lib/daemons/application_group.rb:149:in `create_monitor'
	from /Users/cmmagid/Developer/.rvm/gems/ruby-1.8.7-p302@rails2newwebiva/gems/daemons-1.1.3/lib/daemons/application.rb:282:in `start'
	from /Users/cmmagid/Developer/.rvm/gems/ruby-1.8.7-p302@rails2newwebiva/gems/daemons-1.1.3/lib/daemons/controller.rb:70:in `run'
	from /Users/cmmagid/Developer/.rvm/gems/ruby-1.8.7-p302@rails2newwebiva/gems/daemons-1.1.3/lib/daemons.rb:145:in `run'
	from /Users/cmmagid/Developer/.rvm/gems/ruby-1.8.7-p302@rails2newwebiva/gems/daemons-1.1.3/lib/daemons/cmdline.rb:109:in `call'
	from /Users/cmmagid/Developer/.rvm/gems/ruby-1.8.7-p302@rails2newwebiva/gems/daemons-1.1.3/lib/daemons/cmdline.rb:109:in `catch_exceptions'
	from /Users/cmmagid/Developer/.rvm/gems/ruby-1.8.7-p302@rails2newwebiva/gems/daemons-1.1.3/lib/daemons.rb:144:in `run'
	from /Users/cmmagid/rails_projects/Webiva/script/workling_client:17
workling: process with pid 71873 started.
=> Loading Rails...
WARNING: Nokogiri was built against LibXML version 2.7.7, but has dynamically loaded 2.7.3
** Rails loaded.
** Starting Workling::Remote::Invokers::ThreadedPoller...
** Use CTRL-C to stop.
